Using pre-set license
Built from '2020.3/china_unity/release' branch; Version is '2020.3.16f1c1 (52703c1271a5) revision 5402684'; Using compiler version '192528614'; Build Type 'Release'
OS: 'Windows 10 Home China; OS build 19042.1288; Version 2009; 64bit' Language: 'zh' Physical Memory: 16151 MB
BatchMode: 1, IsHumanControllingUs: 0, StartBugReporterOnCrash: 0, Is64bit: 1, IsPro: 0

 COMMAND LINE ARGUMENTS:
C:\Program Files\2020.3.16f1c1\Editor\Unity.exe
-adb2
-batchMode
-noUpm
-name
AssetImportWorker0
-projectPath
F:/Demo/元气骑士
-logFile
Logs/AssetImportWorker0.log
-srvPort
9954
Successfully changed project path to: F:/Demo/元气骑士
F:/Demo/元气骑士
Using Asset Import Pipeline V2.
AS: AutoStreaming module initializing.Refreshing native plugins compatible for Editor in 160.22 ms, found 3 plugins.
Preloading 0 native plugins for Editor in 0.00 ms.
Initialize engine version: 2020.3.16f1c1 (52703c1271a5)
[Subsystems] Discovering subsystems at path C:/Program Files/2020.3.16f1c1/Editor/Data/Resources/UnitySubsystems
[Subsystems] Discovering subsystems at path F:/Demo/元气骑士/Assets
GfxDevice: creating device client; threaded=0
Direct3D:
    Version:  Direct3D 11.0 [level 11.1]
    Renderer: NVIDIA GeForce RTX 3060 Laptop GPU (ID=0x2560)
    Vendor:   
    VRAM:     6023 MB
    Driver:   30.0.14.7199
Initialize mono
Mono path[0] = 'C:/Program Files/2020.3.16f1c1/Editor/Data/Managed'
Mono path[1] = 'C:/Program Files/2020.3.16f1c1/Editor/Data/MonoBleedingEdge/lib/mono/unityjit'
Mono config path = 'C:/Program Files/2020.3.16f1c1/Editor/Data/MonoBleedingEdge/etc'
Using monoOptions --debugger-agent=transport=dt_socket,embedding=1,server=y,suspend=n,address=127.0.0.1:56024
Begin MonoManager ReloadAssembly
Registering precompiled unity dll's ...
Register platform support module: C:/Program Files/2020.3.16f1c1/Editor/Data/PlaybackEngines/WindowsStandaloneSupport/UnityEditor.WindowsStandalone.Extensions.dll
Registered in 0.013004 seconds.
Native extension for WindowsStandalone target not found
Refreshing native plugins compatible for Editor in 174.34 ms, found 3 plugins.
Preloading 0 native plugins for Editor in 0.00 ms.
Mono: successfully reloaded assembly
- Completed reload, in  3.785 seconds
Domain Reload Profiling:
	ReloadAssembly (3786ms)
		BeginReloadAssembly (139ms)
			ExecutionOrderSort (0ms)
			DisableScriptedObjects (0ms)
			BackupInstance (0ms)
			ReleaseScriptingObjects (0ms)
			CreateAndSetChildDomain (1ms)
		EndReloadAssembly (1348ms)
			LoadAssemblies (139ms)
			RebuildTransferFunctionScriptingTraits (0ms)
			SetupTypeCache (505ms)
			ReleaseScriptCaches (0ms)
			RebuildScriptCaches (78ms)
			SetupLoadedEditorAssemblies (526ms)
				LogAssemblyErrors (0ms)
				InitializePlatformSupportModulesInManaged (9ms)
				SetLoadedEditorAssemblies (1ms)
				RefreshPlugins (175ms)
				BeforeProcessingInitializeOnLoad (59ms)
				ProcessInitializeOnLoadAttributes (200ms)
				ProcessInitializeOnLoadMethodAttributes (83ms)
				AfterProcessingInitializeOnLoad (0ms)
				EditorAssembliesLoaded (0ms)
			ExecutionOrderSort2 (0ms)
			AwakeInstancesAfterBackupRestoration (0ms)
Platform modules already initialized, skipping
Registering precompiled user dll's ...
Registered in 0.007572 seconds.
Begin MonoManager ReloadAssembly
Native extension for WindowsStandalone target not found
Refreshing native plugins compatible for Editor in 191.77 ms, found 3 plugins.
Preloading 0 native plugins for Editor in 0.00 ms.
Mono: successfully reloaded assembly
- Completed reload, in  3.894 seconds
Domain Reload Profiling:
	ReloadAssembly (3897ms)
		BeginReloadAssembly (517ms)
			ExecutionOrderSort (0ms)
			DisableScriptedObjects (12ms)
			BackupInstance (0ms)
			ReleaseScriptingObjects (0ms)
			CreateAndSetChildDomain (44ms)
		EndReloadAssembly (3177ms)
			LoadAssemblies (372ms)
			RebuildTransferFunctionScriptingTraits (0ms)
			SetupTypeCache (934ms)
			ReleaseScriptCaches (2ms)
			RebuildScriptCaches (111ms)
			SetupLoadedEditorAssemblies (1478ms)
				LogAssemblyErrors (0ms)
				InitializePlatformSupportModulesInManaged (14ms)
				SetLoadedEditorAssemblies (1ms)
				RefreshPlugins (192ms)
				BeforeProcessingInitializeOnLoad (252ms)
				ProcessInitializeOnLoadAttributes (938ms)
				ProcessInitializeOnLoadMethodAttributes (40ms)
				AfterProcessingInitializeOnLoad (41ms)
				EditorAssembliesLoaded (0ms)
			ExecutionOrderSort2 (0ms)
			AwakeInstancesAfterBackupRestoration (20ms)
Platform modules already initialized, skipping
========================================================================
Worker process is ready to serve import requests
Launched and connected shader compiler UnityShaderCompiler.exe after 0.11 seconds
Refreshing native plugins compatible for Editor in 1.80 ms, found 3 plugins.
Preloading 0 native plugins for Editor in 0.00 ms.
Unloading 2361 Unused Serialized files (Serialized files now loaded: 0)
System memory in use before: 105.8 MB.
System memory in use after: 106.0 MB.

Unloading 29 unused Assets to reduce memory usage. Loaded Objects now: 2802.
Total: 7.290100 ms (FindLiveObjects: 0.443800 ms CreateObjectMapping: 0.361100 ms MarkObjects: 6.209000 ms  DeleteObjects: 0.273800 ms)

AssetImportParameters requested are different than current active one (requested -> active):
  custom:framework-win-MediaFoundation: 216162199b28c13a410421893ffa2e32 -> 
  custom:video-decoder-ogg-theora: a1e56fd34408186e4bbccfd4996cb3dc -> 
  custom:container-muxer-webm: aa71ff27fc2769a1b78a27578f13a17b -> 
  custom:container-demuxer-webm: 4f35f7cbe854078d1ac9338744f61a02 -> 
  custom:container-demuxer-ogg: 62fdf1f143b41e24485cea50d1cbac27 -> 
  custom:video-encoder-webm-vp8: eb34c28f22e8b96e1ab97ce403110664 -> 
  custom:video-codec-MediaFoundation-h265: 746d11721c4dcdbdad8f713fa42b33f4 -> 
  custom:video-decoder-webm-vp8: 9c59270c3fd7afecdb556c50c9e8de78 -> 
  custom:audio-decoder-ogg-vorbis: bf7c407c2cedff20999df2af8eb42d56 -> 
  custom:audio-encoder-webm-vorbis: bf7c407c2cedff20999df2af8eb42d56 -> 
========================================================================
Received Import Request.
  path: Assets/Scripts/BulletsPool.cs
  artifactKey: Guid(55a8fb38b0e90594eaca472e3a33a618) Importer(815301076,1909f56bfc062723c751e8b465ee728b)
Start importing Assets/Scripts/BulletsPool.cs using Guid(55a8fb38b0e90594eaca472e3a33a618) Importer(815301076,1909f56bfc062723c751e8b465ee728b)  -> (artifact id: 'a0ad99e60ee1f4f32046c33d06a66ccc') in 0.133918 seconds 
  Import took 0.143272 seconds .

========================================================================
Received Import Request.
  Time since last request: 0.000591 seconds.
  path: Assets/Prefabs/Player.prefab
  artifactKey: Guid(1a9c636b929e9334e92d48f996c28849) Importer(815301076,1909f56bfc062723c751e8b465ee728b)
Start importing Assets/Prefabs/Player.prefab using Guid(1a9c636b929e9334e92d48f996c28849) Importer(815301076,1909f56bfc062723c751e8b465ee728b)  -> (artifact id: '9fbc4ba47c858c7e2b24eb918105f301') in 0.245387 seconds 
  Import took 0.256258 seconds .

========================================================================
Received Prepare
Refreshing native plugins compatible for Editor in 6.89 ms, found 3 plugins.
Preloading 0 native plugins for Editor in 0.00 ms.
Unloading 15 Unused Serialized files (Serialized files now loaded: 0)
System memory in use before: 62.1 MB.
System memory in use after: 62.3 MB.

Unloading 14 unused Assets to reduce memory usage. Loaded Objects now: 2809.
Total: 11.438700 ms (FindLiveObjects: 0.522000 ms CreateObjectMapping: 0.122800 ms MarkObjects: 10.754100 ms  DeleteObjects: 0.037100 ms)

AssetImportParameters requested are different than current active one (requested -> active):
  custom:framework-win-MediaFoundation: 216162199b28c13a410421893ffa2e32 -> 
  custom:video-decoder-ogg-theora: a1e56fd34408186e4bbccfd4996cb3dc -> 
  custom:container-muxer-webm: aa71ff27fc2769a1b78a27578f13a17b -> 
  custom:container-demuxer-webm: 4f35f7cbe854078d1ac9338744f61a02 -> 
  custom:container-demuxer-ogg: 62fdf1f143b41e24485cea50d1cbac27 -> 
  custom:video-encoder-webm-vp8: eb34c28f22e8b96e1ab97ce403110664 -> 
  custom:video-codec-MediaFoundation-h265: 746d11721c4dcdbdad8f713fa42b33f4 -> 
  custom:video-decoder-webm-vp8: 9c59270c3fd7afecdb556c50c9e8de78 -> 
  custom:audio-decoder-ogg-vorbis: bf7c407c2cedff20999df2af8eb42d56 -> 
  custom:audio-encoder-webm-vorbis: bf7c407c2cedff20999df2af8eb42d56 -> 
========================================================================
Received Prepare
Registering precompiled user dll's ...
Registered in 0.006515 seconds.
Begin MonoManager ReloadAssembly
Native extension for WindowsStandalone target not found
Refreshing native plugins compatible for Editor in 1.76 ms, found 3 plugins.
Preloading 0 native plugins for Editor in 0.00 ms.
Mono: successfully reloaded assembly
- Completed reload, in  2.875 seconds
Domain Reload Profiling:
	ReloadAssembly (2876ms)
		BeginReloadAssembly (263ms)
			ExecutionOrderSort (0ms)
			DisableScriptedObjects (11ms)
			BackupInstance (0ms)
			ReleaseScriptingObjects (0ms)
			CreateAndSetChildDomain (71ms)
		EndReloadAssembly (2464ms)
			LoadAssemblies (219ms)
			RebuildTransferFunctionScriptingTraits (0ms)
			SetupTypeCache (719ms)
			ReleaseScriptCaches (3ms)
			RebuildScriptCaches (148ms)
			SetupLoadedEditorAssemblies (1108ms)
				LogAssemblyErrors (0ms)
				InitializePlatformSupportModulesInManaged (16ms)
				SetLoadedEditorAssemblies (2ms)
				RefreshPlugins (2ms)
				BeforeProcessingInitializeOnLoad (264ms)
				ProcessInitializeOnLoadAttributes (777ms)
				ProcessInitializeOnLoadMethodAttributes (16ms)
				AfterProcessingInitializeOnLoad (31ms)
				EditorAssembliesLoaded (0ms)
			ExecutionOrderSort2 (0ms)
			AwakeInstancesAfterBackupRestoration (32ms)
Platform modules already initialized, skipping
Refreshing native plugins compatible for Editor in 1.32 ms, found 3 plugins.
Preloading 0 native plugins for Editor in 0.00 ms.
Unloading 2346 Unused Serialized files (Serialized files now loaded: 0)
System memory in use before: 108.0 MB.
System memory in use after: 108.2 MB.

Unloading 18 unused Assets to reduce memory usage. Loaded Objects now: 2811.
Total: 5.772600 ms (FindLiveObjects: 0.305600 ms CreateObjectMapping: 0.145500 ms MarkObjects: 5.281100 ms  DeleteObjects: 0.037900 ms)

AssetImportParameters requested are different than current active one (requested -> active):
  custom:framework-win-MediaFoundation: 216162199b28c13a410421893ffa2e32 -> 
  custom:video-decoder-ogg-theora: a1e56fd34408186e4bbccfd4996cb3dc -> 
  custom:container-muxer-webm: aa71ff27fc2769a1b78a27578f13a17b -> 
  custom:container-demuxer-webm: 4f35f7cbe854078d1ac9338744f61a02 -> 
  custom:container-demuxer-ogg: 62fdf1f143b41e24485cea50d1cbac27 -> 
  custom:video-encoder-webm-vp8: eb34c28f22e8b96e1ab97ce403110664 -> 
  custom:video-codec-MediaFoundation-h265: 746d11721c4dcdbdad8f713fa42b33f4 -> 
  custom:video-decoder-webm-vp8: 9c59270c3fd7afecdb556c50c9e8de78 -> 
  custom:audio-decoder-ogg-vorbis: bf7c407c2cedff20999df2af8eb42d56 -> 
  custom:audio-encoder-webm-vorbis: bf7c407c2cedff20999df2af8eb42d56 -> 
========================================================================
Received Import Request.
  Time since last request: 325.446817 seconds.
  path: Assets/Prefabs/Walls1/wall_D.prefab
  artifactKey: Guid(0af843304efe2ec4796b4f86b9981689) Importer(815301076,1909f56bfc062723c751e8b465ee728b)
Start importing Assets/Prefabs/Walls1/wall_D.prefab using Guid(0af843304efe2ec4796b4f86b9981689) Importer(815301076,1909f56bfc062723c751e8b465ee728b)  -> (artifact id: '5ac3eab069a55b3931b5c69ffdce95de') in 0.183960 seconds 
  Import took 0.197314 seconds .

========================================================================
Received Import Request.
  Time since last request: 0.000715 seconds.
  path: Assets/Prefabs/Walls1/wall_ULD.prefab
  artifactKey: Guid(b12fd4669c569cb449b47b3fd346e51c) Importer(815301076,1909f56bfc062723c751e8b465ee728b)
Start importing Assets/Prefabs/Walls1/wall_ULD.prefab using Guid(b12fd4669c569cb449b47b3fd346e51c) Importer(815301076,1909f56bfc062723c751e8b465ee728b)  -> (artifact id: '892d74ae846848e80b53343947a95ed7') in 0.054483 seconds 
  Import took 0.064748 seconds .

========================================================================
Received Import Request.
  Time since last request: 0.000692 seconds.
  path: Assets/Prefabs/Walls1/wall_UR.prefab
  artifactKey: Guid(1f583f60ea3b3ac4da115111a1bb62f1) Importer(815301076,1909f56bfc062723c751e8b465ee728b)
Start importing Assets/Prefabs/Walls1/wall_UR.prefab using Guid(1f583f60ea3b3ac4da115111a1bb62f1) Importer(815301076,1909f56bfc062723c751e8b465ee728b)  -> (artifact id: '57de45d7bcccac83c7c5cb899f8e8e34') in 0.034237 seconds 
  Import took 0.046869 seconds .

========================================================================
Received Import Request.
  Time since last request: 0.000619 seconds.
  path: Assets/Prefabs/Walls1/wall_U.prefab
  artifactKey: Guid(1d13c00c2fde1164f911cb12d815f546) Importer(815301076,1909f56bfc062723c751e8b465ee728b)
Start importing Assets/Prefabs/Walls1/wall_U.prefab using Guid(1d13c00c2fde1164f911cb12d815f546) Importer(815301076,1909f56bfc062723c751e8b465ee728b)  -> (artifact id: '58c4f063f980975087e1e838626ffed7') in 0.041987 seconds 
  Import took 0.053300 seconds .

========================================================================
Received Import Request.
  Time since last request: 0.000627 seconds.
  path: Assets/Prefabs/Walls1/wall_RD.prefab
  artifactKey: Guid(13762561fe402c140bad0dbe74ecbcbe) Importer(815301076,1909f56bfc062723c751e8b465ee728b)
Start importing Assets/Prefabs/Walls1/wall_RD.prefab using Guid(13762561fe402c140bad0dbe74ecbcbe) Importer(815301076,1909f56bfc062723c751e8b465ee728b)  -> (artifact id: '7f31650830c483438638a22ca1010424') in 0.037784 seconds 
  Import took 0.046569 seconds .

========================================================================
Received Import Request.
  Time since last request: 0.000617 seconds.
  path: Assets/Prefabs/Walls1/wall_UL.prefab
  artifactKey: Guid(a7288ba9f4ece1646b6941b5aa05610c) Importer(815301076,1909f56bfc062723c751e8b465ee728b)
Start importing Assets/Prefabs/Walls1/wall_UL.prefab using Guid(a7288ba9f4ece1646b6941b5aa05610c) Importer(815301076,1909f56bfc062723c751e8b465ee728b)  -> (artifact id: '1c01f79dfefee2e16c43ae5d6c40e53a') in 0.048061 seconds 
  Import took 0.058241 seconds .

========================================================================
Received Import Request.
  Time since last request: 0.000631 seconds.
  path: Assets/Prefabs/Walls1/wall_URD.prefab
  artifactKey: Guid(380e453a440d11842853e2a101aa8bf5) Importer(815301076,1909f56bfc062723c751e8b465ee728b)
Start importing Assets/Prefabs/Walls1/wall_URD.prefab using Guid(380e453a440d11842853e2a101aa8bf5) Importer(815301076,1909f56bfc062723c751e8b465ee728b)  -> (artifact id: '7fa0d06fcfa7278632b892b8bd3c2e08') in 0.055641 seconds 
  Import took 0.066259 seconds .

========================================================================
Received Import Request.
  Time since last request: 0.000533 seconds.
  path: Assets/Prefabs/Walls1/wall_LD.prefab
  artifactKey: Guid(3269d530721eaf945ba9b05150a3fafa) Importer(815301076,1909f56bfc062723c751e8b465ee728b)
Start importing Assets/Prefabs/Walls1/wall_LD.prefab using Guid(3269d530721eaf945ba9b05150a3fafa) Importer(815301076,1909f56bfc062723c751e8b465ee728b)  -> (artifact id: 'e05c0ee9bf1b61a94548c13c8dce0cbb') in 0.039190 seconds 
  Import took 0.049113 seconds .

========================================================================
Received Import Request.
  Time since last request: 0.000629 seconds.
  path: Assets/Prefabs/Walls1/wall_LR.prefab
  artifactKey: Guid(6450896c53b936b4e9edb6bdba47549c) Importer(815301076,1909f56bfc062723c751e8b465ee728b)
Start importing Assets/Prefabs/Walls1/wall_LR.prefab using Guid(6450896c53b936b4e9edb6bdba47549c) Importer(815301076,1909f56bfc062723c751e8b465ee728b)  -> (artifact id: '9b27567ff6dca07aa86818e46a8b8620') in 0.040759 seconds 
  Import took 0.049927 seconds .

========================================================================
Received Import Request.
  Time since last request: 0.000674 seconds.
  path: Assets/Prefabs/Walls1/wall_URDL.prefab
  artifactKey: Guid(b023ab6fc5b178a4087a14c677e7c674) Importer(815301076,1909f56bfc062723c751e8b465ee728b)
Start importing Assets/Prefabs/Walls1/wall_URDL.prefab using Guid(b023ab6fc5b178a4087a14c677e7c674) Importer(815301076,1909f56bfc062723c751e8b465ee728b)  -> (artifact id: '055ba3d3b87eefd591554050d7ca412f') in 0.034381 seconds 
  Import took 0.045230 seconds .

========================================================================
Received Import Request.
  Time since last request: 0.000645 seconds.
  path: Assets/Prefabs/Walls1/wall_L.prefab
  artifactKey: Guid(3d2aa8e0999103e44a795a26e66a451b) Importer(815301076,1909f56bfc062723c751e8b465ee728b)
Start importing Assets/Prefabs/Walls1/wall_L.prefab using Guid(3d2aa8e0999103e44a795a26e66a451b) Importer(815301076,1909f56bfc062723c751e8b465ee728b)  -> (artifact id: 'a08f6505a6323230ab759d07aaec27c6') in 0.048527 seconds 
  Import took 0.058985 seconds .

========================================================================
Received Import Request.
  Time since last request: 0.000652 seconds.
  path: Assets/Prefabs/Walls1/wall_ULR.prefab
  artifactKey: Guid(d4cdbb2b900ca3542a64a8c4e53b0b18) Importer(815301076,1909f56bfc062723c751e8b465ee728b)
Start importing Assets/Prefabs/Walls1/wall_ULR.prefab using Guid(d4cdbb2b900ca3542a64a8c4e53b0b18) Importer(815301076,1909f56bfc062723c751e8b465ee728b)  -> (artifact id: '1478de89e9b8f0cc071c7232180d219a') in 0.036617 seconds 
  Import took 0.045501 seconds .

========================================================================
Received Import Request.
  Time since last request: 0.000705 seconds.
  path: Assets/Prefabs/Walls1/wall_LRD.prefab
  artifactKey: Guid(5892f6c46c35c7c499736e0f3b992d6f) Importer(815301076,1909f56bfc062723c751e8b465ee728b)
Start importing Assets/Prefabs/Walls1/wall_LRD.prefab using Guid(5892f6c46c35c7c499736e0f3b992d6f) Importer(815301076,1909f56bfc062723c751e8b465ee728b)  -> (artifact id: '08d381019114f6b9eb8b20430beaf3de') in 0.040714 seconds 
  Import took 0.051083 seconds .

========================================================================
Received Import Request.
  Time since last request: 0.000620 seconds.
  path: Assets/Prefabs/Walls1/wall_R.prefab
  artifactKey: Guid(e02cb4f4f99e71041b537e9efb08bb3b) Importer(815301076,1909f56bfc062723c751e8b465ee728b)
Start importing Assets/Prefabs/Walls1/wall_R.prefab using Guid(e02cb4f4f99e71041b537e9efb08bb3b) Importer(815301076,1909f56bfc062723c751e8b465ee728b)  -> (artifact id: '211c6169157482c142e279613b1232b7') in 0.035644 seconds 
  Import took 0.045383 seconds .

========================================================================
Received Import Request.
  Time since last request: 0.000561 seconds.
  path: Assets/Prefabs/Walls1/wall_UD.prefab
  artifactKey: Guid(4d00c595b3e65a64cbf98d03a83dce96) Importer(815301076,1909f56bfc062723c751e8b465ee728b)
Start importing Assets/Prefabs/Walls1/wall_UD.prefab using Guid(4d00c595b3e65a64cbf98d03a83dce96) Importer(815301076,1909f56bfc062723c751e8b465ee728b)  -> (artifact id: '21884915047853e1e6481c7187eb4517') in 0.038972 seconds 
  Import took 0.048831 seconds .

========================================================================
Received Prepare
Registering precompiled user dll's ...
Registered in 0.007963 seconds.
Begin MonoManager ReloadAssembly
Native extension for WindowsStandalone target not found
Refreshing native plugins compatible for Editor in 1.15 ms, found 3 plugins.
Preloading 0 native plugins for Editor in 0.00 ms.
Mono: successfully reloaded assembly
- Completed reload, in  2.407 seconds
Domain Reload Profiling:
	ReloadAssembly (2408ms)
		BeginReloadAssembly (267ms)
			ExecutionOrderSort (0ms)
			DisableScriptedObjects (12ms)
			BackupInstance (0ms)
			ReleaseScriptingObjects (0ms)
			CreateAndSetChildDomain (76ms)
		EndReloadAssembly (1979ms)
			LoadAssemblies (223ms)
			RebuildTransferFunctionScriptingTraits (0ms)
			SetupTypeCache (619ms)
			ReleaseScriptCaches (3ms)
			RebuildScriptCaches (112ms)
			SetupLoadedEditorAssemblies (848ms)
				LogAssemblyErrors (0ms)
				InitializePlatformSupportModulesInManaged (11ms)
				SetLoadedEditorAssemblies (1ms)
				RefreshPlugins (1ms)
				BeforeProcessingInitializeOnLoad (222ms)
				ProcessInitializeOnLoadAttributes (575ms)
				ProcessInitializeOnLoadMethodAttributes (11ms)
				AfterProcessingInitializeOnLoad (27ms)
				EditorAssembliesLoaded (0ms)
			ExecutionOrderSort2 (0ms)
			AwakeInstancesAfterBackupRestoration (20ms)
Platform modules already initialized, skipping
Refreshing native plugins compatible for Editor in 1.06 ms, found 3 plugins.
Preloading 0 native plugins for Editor in 0.00 ms.
Unloading 2346 Unused Serialized files (Serialized files now loaded: 0)
System memory in use before: 108.9 MB.
System memory in use after: 109.1 MB.

Unloading 18 unused Assets to reduce memory usage. Loaded Objects now: 2814.
Total: 5.878200 ms (FindLiveObjects: 0.293200 ms CreateObjectMapping: 0.136400 ms MarkObjects: 5.407600 ms  DeleteObjects: 0.039100 ms)

AssetImportParameters requested are different than current active one (requested -> active):
  custom:framework-win-MediaFoundation: 216162199b28c13a410421893ffa2e32 -> 
  custom:video-decoder-ogg-theora: a1e56fd34408186e4bbccfd4996cb3dc -> 
  custom:container-muxer-webm: aa71ff27fc2769a1b78a27578f13a17b -> 
  custom:container-demuxer-webm: 4f35f7cbe854078d1ac9338744f61a02 -> 
  custom:container-demuxer-ogg: 62fdf1f143b41e24485cea50d1cbac27 -> 
  custom:video-encoder-webm-vp8: eb34c28f22e8b96e1ab97ce403110664 -> 
  custom:video-codec-MediaFoundation-h265: 746d11721c4dcdbdad8f713fa42b33f4 -> 
  custom:video-decoder-webm-vp8: 9c59270c3fd7afecdb556c50c9e8de78 -> 
  custom:audio-decoder-ogg-vorbis: bf7c407c2cedff20999df2af8eb42d56 -> 
  custom:audio-encoder-webm-vorbis: bf7c407c2cedff20999df2af8eb42d56 -> 
========================================================================
Received Import Request.
  Time since last request: 7.964723 seconds.
  path: Assets/Prefabs/Walls1/wall_D.prefab
  artifactKey: Guid(0af843304efe2ec4796b4f86b9981689) Importer(815301076,1909f56bfc062723c751e8b465ee728b)
Start importing Assets/Prefabs/Walls1/wall_D.prefab using Guid(0af843304efe2ec4796b4f86b9981689) Importer(815301076,1909f56bfc062723c751e8b465ee728b)  -> (artifact id: '7f3dca1c6d7b2a39472578f8b3e72c83') in 0.163972 seconds 
  Import took 0.174374 seconds .

========================================================================
Received Import Request.
  Time since last request: 5.779765 seconds.
  path: Assets/Prefabs/Walls1/wall_D.prefab
  artifactKey: Guid(0af843304efe2ec4796b4f86b9981689) Importer(815301076,1909f56bfc062723c751e8b465ee728b)
Start importing Assets/Prefabs/Walls1/wall_D.prefab using Guid(0af843304efe2ec4796b4f86b9981689) Importer(815301076,1909f56bfc062723c751e8b465ee728b)  -> (artifact id: '23d90b46425eeb7d53e5bdb35767b0ca') in 0.059433 seconds 
  Import took 0.073746 seconds .

========================================================================
Received Import Request.
  Time since last request: 9.336381 seconds.
  path: Assets/Prefabs/Walls1/wall_D.prefab
  artifactKey: Guid(0af843304efe2ec4796b4f86b9981689) Importer(815301076,1909f56bfc062723c751e8b465ee728b)
Start importing Assets/Prefabs/Walls1/wall_D.prefab using Guid(0af843304efe2ec4796b4f86b9981689) Importer(815301076,1909f56bfc062723c751e8b465ee728b)  -> (artifact id: '4cf547ebc011efe51e0a87e947425f50') in 0.047542 seconds 
  Import took 0.062085 seconds .

